<?xml version="1.0" encoding="UTF-8"?>
<!-- Generated by org.testng.reporters.JUnitXMLReporter -->
<testsuite hostname="DESKTOP-43325C4" failures="0" tests="5" name="Default test" time="45.858" errors="0" timestamp="2 Dec 2022 20:30:17 GMT">
  <testcase classname="com.testing.Tests3" name="ValidatingUrlAndSignInTest" time="17.322"/>
  <testcase classname="com.testing.Tests3" name="clickMOre" time="0.088"/>
  <testcase classname="com.testing.Tests3" name="MovetoTrashTest" time="8.548"/>
  <testcase classname="com.testing.Tests3" name="MovetoinboxTest" time="9.403"/>
  <testcase classname="com.testing.Tests3" name="validatingURLandSignout" time="5.034"/>
</testsuite> <!-- Default test -->
